<?xml version="1.0" encoding="UTF-8"?>
<!-- Generated by org.testng.reporters.JUnitReportReporter -->
<testsuite hostname="DESKTOP-VBA44GB" failures="0" tests="3" name="PaulQALearning.MavenJavaProject.RestAPITest" time="0.003" errors="0" timestamp="2022-04-04T20:50:54 MDT" skipped="0">
  <testcase classname="PaulQALearning.MavenJavaProject.RestAPITest" name="deleteTwitter" time="0.001"/>
  <system-out/>
  <testcase classname="PaulQALearning.MavenJavaProject.RestAPITest" name="deleteFacebook" time="0.001"/>
  <system-out/>
  <testcase classname="PaulQALearning.MavenJavaProject.RestAPITest" name="postJira" time="0.001"/>
  <system-out/>
</testsuite> <!-- PaulQALearning.MavenJavaProject.RestAPITest -->
