<?xml version="1.0" encoding="UTF-8"?>
<!-- Generated by org.testng.reporters.JUnitReportReporter -->
<testsuite hostname="DESKTOP-VBA44GB" failures="0" tests="2" name="PaulQALearning.MavenJavaProject.AppiumTest" time="0.006" errors="0" timestamp="2022-04-04T20:50:54 MDT" skipped="0">
  <testcase classname="PaulQALearning.MavenJavaProject.AppiumTest" name="IOSApps" time="0.005"/>
  <system-out/>
  <testcase classname="PaulQALearning.MavenJavaProject.AppiumTest" name="NativeAppAndroid" time="0.001"/>
  <system-out/>
</testsuite> <!-- PaulQALearning.MavenJavaProject.AppiumTest -->
