<?xml version="1.0" encoding="UTF-8"?>
<!-- Generated by org.testng.reporters.JUnitReportReporter -->
<testsuite hostname="DESKTOP-VBA44GB" failures="0" tests="1" name="PaulQALearning.MavenJavaProject.SeleniumTest" time="0.000" errors="0" timestamp="2022-04-04T20:50:54 MDT" skipped="0">
  <testcase classname="PaulQALearning.MavenJavaProject.SeleniumTest" name="elementsFun" time="0.000"/>
  <system-out/>
</testsuite> <!-- PaulQALearning.MavenJavaProject.SeleniumTest -->
