<?xml version="1.0" encoding="UTF-8"?>
<!-- Generated by org.testng.reporters.JUnitReportReporter -->
<testsuite hostname="DESKTOP-VBA44GB" failures="0" tests="2" name="PaulQALearning.MavenJavaProject.RestAPITest" time="0.000" errors="0" timestamp="2022-02-11T20:28:56 MST" skipped="0">
  <testcase classname="PaulQALearning.MavenJavaProject.RestAPITest" name="postJira" time="0.000"/>
  <system-out/>
  <testcase classname="PaulQALearning.MavenJavaProject.RestAPITest" name="deleteTwitter" time="0.000"/>
  <system-out/>
</testsuite> <!-- PaulQALearning.MavenJavaProject.RestAPITest -->
