<?xml version="1.0" encoding="UTF-8"?>
<!-- Generated by org.testng.reporters.JUnitReportReporter -->
<testsuite hostname="DESKTOP-VBA44GB" failures="0" tests="2" name="PaulQALearning.MavenJavaProject.AppiumTest" time="0.004" errors="0" timestamp="2022-02-11T20:29:17 MST" skipped="0">
  <testcase classname="PaulQALearning.MavenJavaProject.AppiumTest" name="IOSApps" time="0.003"/>
  <system-out/>
  <testcase classname="PaulQALearning.MavenJavaProject.AppiumTest" name="NativeAppAndroid" time="0.001"/>
  <system-out/>
</testsuite> <!-- PaulQALearning.MavenJavaProject.AppiumTest -->
